{"C:\\Users\\Kelvin\\Desktop\\Programming\\http_grocery_tracker\\src\\app.js": {"path":"C:\\Users\\Kelvin\\Desktop\\Programming\\http_grocery_tracker\\src\\app.js","statementMap":{"0":{"start":{"line":2,"column":13},"end":{"line":2,"column":28}},"1":{"start":{"line":3,"column":12},"end":{"line":3,"column":31}},"2":{"start":{"line":4,"column":44},"end":{"line":4,"column":62}},"3":{"start":{"line":5,"column":13},"end":{"line":5,"column":17}},"4":{"start":{"line":6,"column":20},"end":{"line":6,"column":22}},"5":{"start":{"line":8,"column":15},"end":{"line":20,"column":2}},"6":{"start":{"line":13,"column":12},"end":{"line":13,"column":57}},"7":{"start":{"line":23,"column":4},"end":{"line":23,"column":39}},"8":{"start":{"line":27,"column":4},"end":{"line":27,"column":27}},"9":{"start":{"line":31,"column":4},"end":{"line":35,"column":5}},"10":{"start":{"line":32,"column":8},"end":{"line":32,"column":15}},"11":{"start":{"line":34,"column":8},"end":{"line":34,"column":31}},"12":{"start":{"line":39,"column":4},"end":{"line":44,"column":5}},"13":{"start":{"line":40,"column":8},"end":{"line":40,"column":15}},"14":{"start":{"line":42,"column":25},"end":{"line":42,"column":52}},"15":{"start":{"line":43,"column":8},"end":{"line":43,"column":24}},"16":{"start":{"line":46,"column":15},"end":{"line":105,"column":2}},"17":{"start":{"line":48,"column":4},"end":{"line":104,"column":5}},"18":{"start":{"line":49,"column":8},"end":{"line":49,"column":66}},"19":{"start":{"line":50,"column":8},"end":{"line":50,"column":45}},"20":{"start":{"line":51,"column":8},"end":{"line":51,"column":65}},"21":{"start":{"line":53,"column":10},"end":{"line":104,"column":5}},"22":{"start":{"line":54,"column":19},"end":{"line":54,"column":21}},"23":{"start":{"line":55,"column":8},"end":{"line":57,"column":11}},"24":{"start":{"line":56,"column":12},"end":{"line":56,"column":26}},"25":{"start":{"line":58,"column":8},"end":{"line":65,"column":11}},"26":{"start":{"line":59,"column":25},"end":{"line":59,"column":41}},"27":{"start":{"line":60,"column":12},"end":{"line":60,"column":35}},"28":{"start":{"line":62,"column":12},"end":{"line":62,"column":69}},"29":{"start":{"line":63,"column":12},"end":{"line":63,"column":78}},"30":{"start":{"line":64,"column":12},"end":{"line":64,"column":78}},"31":{"start":{"line":67,"column":10},"end":{"line":104,"column":5}},"32":{"start":{"line":68,"column":19},"end":{"line":68,"column":76}},"33":{"start":{"line":69,"column":8},"end":{"line":86,"column":5}},"34":{"start":{"line":70,"column":12},"end":{"line":70,"column":69}},"35":{"start":{"line":71,"column":12},"end":{"line":71,"column":54}},"36":{"start":{"line":72,"column":12},"end":{"line":72,"column":70}},"37":{"start":{"line":74,"column":23},"end":{"line":74,"column":25}},"38":{"start":{"line":75,"column":12},"end":{"line":77,"column":15}},"39":{"start":{"line":76,"column":16},"end":{"line":76,"column":30}},"40":{"start":{"line":78,"column":12},"end":{"line":85,"column":15}},"41":{"start":{"line":79,"column":29},"end":{"line":79,"column":45}},"42":{"start":{"line":80,"column":16},"end":{"line":80,"column":39}},"43":{"start":{"line":82,"column":16},"end":{"line":82,"column":73}},"44":{"start":{"line":83,"column":16},"end":{"line":83,"column":75}},"45":{"start":{"line":84,"column":16},"end":{"line":84,"column":84}},"46":{"start":{"line":87,"column":10},"end":{"line":104,"column":5}},"47":{"start":{"line":88,"column":19},"end":{"line":88,"column":78}},"48":{"start":{"line":89,"column":8},"end":{"line":98,"column":9}},"49":{"start":{"line":90,"column":12},"end":{"line":90,"column":69}},"50":{"start":{"line":91,"column":12},"end":{"line":91,"column":54}},"51":{"start":{"line":92,"column":12},"end":{"line":92,"column":64}},"52":{"start":{"line":94,"column":29},"end":{"line":94,"column":53}},"53":{"start":{"line":95,"column":12},"end":{"line":95,"column":69}},"54":{"start":{"line":96,"column":12},"end":{"line":96,"column":58}},"55":{"start":{"line":97,"column":12},"end":{"line":97,"column":83}},"56":{"start":{"line":100,"column":8},"end":{"line":100,"column":59}},"57":{"start":{"line":101,"column":8},"end":{"line":101,"column":55}},"58":{"start":{"line":102,"column":8},"end":{"line":102,"column":75}},"59":{"start":{"line":106,"column":0},"end":{"line":108,"column":2}},"60":{"start":{"line":107,"column":4},"end":{"line":107,"column":67}},"61":{"start":{"line":109,"column":0},"end":{"line":109,"column":77}}},"fnMap":{"0":{"name":"(anonymous_0)","decl":{"start":{"line":12,"column":22},"end":{"line":12,"column":23}},"loc":{"start":{"line":12,"column":55},"end":{"line":14,"column":9}},"line":12},"1":{"name":"returnData","decl":{"start":{"line":22,"column":9},"end":{"line":22,"column":19}},"loc":{"start":{"line":22,"column":33},"end":{"line":24,"column":1}},"line":22},"2":{"name":"pushList","decl":{"start":{"line":26,"column":9},"end":{"line":26,"column":17}},"loc":{"start":{"line":26,"column":24},"end":{"line":28,"column":1}},"line":26},"3":{"name":"editList","decl":{"start":{"line":30,"column":9},"end":{"line":30,"column":17}},"loc":{"start":{"line":30,"column":27},"end":{"line":36,"column":1}},"line":30},"4":{"name":"deleteItem","decl":{"start":{"line":38,"column":9},"end":{"line":38,"column":19}},"loc":{"start":{"line":38,"column":24},"end":{"line":45,"column":1}},"line":38},"5":{"name":"(anonymous_5)","decl":{"start":{"line":46,"column":33},"end":{"line":46,"column":34}},"loc":{"start":{"line":46,"column":47},"end":{"line":105,"column":1}},"line":46},"6":{"name":"(anonymous_6)","decl":{"start":{"line":55,"column":23},"end":{"line":55,"column":24}},"loc":{"start":{"line":55,"column":34},"end":{"line":57,"column":9}},"line":55},"7":{"name":"(anonymous_7)","decl":{"start":{"line":58,"column":22},"end":{"line":58,"column":23}},"loc":{"start":{"line":58,"column":28},"end":{"line":65,"column":9}},"line":58},"8":{"name":"(anonymous_8)","decl":{"start":{"line":75,"column":27},"end":{"line":75,"column":28}},"loc":{"start":{"line":75,"column":38},"end":{"line":77,"column":13}},"line":75},"9":{"name":"(anonymous_9)","decl":{"start":{"line":78,"column":26},"end":{"line":78,"column":27}},"loc":{"start":{"line":78,"column":32},"end":{"line":85,"column":13}},"line":78},"10":{"name":"(anonymous_10)","decl":{"start":{"line":106,"column":20},"end":{"line":106,"column":21}},"loc":{"start":{"line":106,"column":26},"end":{"line":108,"column":1}},"line":106}},"branchMap":{"0":{"loc":{"start":{"line":31,"column":4},"end":{"line":35,"column":5}},"type":"if","locations":[{"start":{"line":31,"column":4},"end":{"line":35,"column":5}},{"start":{"line":33,"column":11},"end":{"line":35,"column":5}}],"line":31},"1":{"loc":{"start":{"line":39,"column":4},"end":{"line":44,"column":5}},"type":"if","locations":[{"start":{"line":39,"column":4},"end":{"line":44,"column":5}},{"start":{"line":41,"column":11},"end":{"line":44,"column":5}}],"line":39},"2":{"loc":{"start":{"line":48,"column":4},"end":{"line":104,"column":5}},"type":"if","locations":[{"start":{"line":48,"column":4},"end":{"line":104,"column":5}},{"start":{"line":53,"column":10},"end":{"line":104,"column":5}}],"line":48},"3":{"loc":{"start":{"line":48,"column":8},"end":{"line":48,"column":59}},"type":"binary-expr","locations":[{"start":{"line":48,"column":8},"end":{"line":48,"column":28}},{"start":{"line":48,"column":32},"end":{"line":48,"column":59}}],"line":48},"4":{"loc":{"start":{"line":53,"column":10},"end":{"line":104,"column":5}},"type":"if","locations":[{"start":{"line":53,"column":10},"end":{"line":104,"column":5}},{"start":{"line":67,"column":10},"end":{"line":104,"column":5}}],"line":53},"5":{"loc":{"start":{"line":53,"column":13},"end":{"line":53,"column":69}},"type":"binary-expr","locations":[{"start":{"line":53,"column":13},"end":{"line":53,"column":34}},{"start":{"line":53,"column":38},"end":{"line":53,"column":69}}],"line":53},"6":{"loc":{"start":{"line":67,"column":10},"end":{"line":104,"column":5}},"type":"if","locations":[{"start":{"line":67,"column":10},"end":{"line":104,"column":5}},{"start":{"line":87,"column":10},"end":{"line":104,"column":5}}],"line":67},"7":{"loc":{"start":{"line":67,"column":13},"end":{"line":67,"column":78}},"type":"binary-expr","locations":[{"start":{"line":67,"column":13},"end":{"line":67,"column":33}},{"start":{"line":67,"column":37},"end":{"line":67,"column":78}}],"line":67},"8":{"loc":{"start":{"line":69,"column":8},"end":{"line":86,"column":5}},"type":"if","locations":[{"start":{"line":69,"column":8},"end":{"line":86,"column":5}},{"start":{"line":73,"column":15},"end":{"line":86,"column":5}}],"line":69},"9":{"loc":{"start":{"line":87,"column":10},"end":{"line":104,"column":5}},"type":"if","locations":[{"start":{"line":87,"column":10},"end":{"line":104,"column":5}},{"start":{"line":99,"column":9},"end":{"line":104,"column":5}}],"line":87},"10":{"loc":{"start":{"line":87,"column":13},"end":{"line":87,"column":83}},"type":"binary-expr","locations":[{"start":{"line":87,"column":13},"end":{"line":87,"column":36}},{"start":{"line":87,"column":40},"end":{"line":87,"column":83}}],"line":87},"11":{"loc":{"start":{"line":89,"column":8},"end":{"line":98,"column":9}},"type":"if","locations":[{"start":{"line":89,"column":8},"end":{"line":98,"column":9}},{"start":{"line":93,"column":15},"end":{"line":98,"column":9}}],"line":89}},"s":{"0":1,"1":1,"2":1,"3":1,"4":1,"5":1,"6":0,"7":2,"8":1,"9":1,"10":0,"11":1,"12":2,"13":0,"14":2,"15":2,"16":1,"17":0,"18":0,"19":0,"20":0,"21":0,"22":0,"23":0,"24":0,"25":0,"26":0,"27":0,"28":0,"29":0,"30":0,"31":0,"32":0,"33":0,"34":0,"35":0,"36":0,"37":0,"38":0,"39":0,"40":0,"41":0,"42":0,"43":0,"44":0,"45":0,"46":0,"47":0,"48":0,"49":0,"50":0,"51":0,"52":0,"53":0,"54":0,"55":0,"56":0,"57":0,"58":0,"59":1,"60":0,"61":1},"f":{"0":0,"1":2,"2":1,"3":1,"4":2,"5":0,"6":0,"7":0,"8":0,"9":0,"10":0},"b":{"0":[0,1],"1":[0,2],"2":[0,0],"3":[0,0],"4":[0,0],"5":[0,0],"6":[0,0],"7":[0,0],"8":[0,0],"9":[0,0],"10":[0,0],"11":[0,0]},"_coverageSchema":"1a1c01bbd47fc00a2c39e90264f33305004495a9","hash":"59ed40437a386f6b0f56b0f070811048b4b1badb"}
}
