TN:
SF:src\app.js
FN:12,(anonymous_0)
FN:22,returnData
FN:26,pushList
FN:30,editList
FN:38,deleteItem
FN:46,(anonymous_5)
FN:55,(anonymous_6)
FN:58,(anonymous_7)
FN:75,(anonymous_8)
FN:78,(anonymous_9)
FN:106,(anonymous_10)
FNF:11
FNH:4
FNDA:0,(anonymous_0)
FNDA:2,returnData
FNDA:1,pushList
FNDA:1,editList
FNDA:2,deleteItem
FNDA:0,(anonymous_5)
FNDA:0,(anonymous_6)
FNDA:0,(anonymous_7)
FNDA:0,(anonymous_8)
FNDA:0,(anonymous_9)
FNDA:0,(anonymous_10)
DA:2,1
DA:3,1
DA:4,1
DA:5,1
DA:6,1
DA:8,1
DA:13,0
DA:23,2
DA:27,1
DA:31,1
DA:32,0
DA:34,1
DA:39,2
DA:40,0
DA:42,2
DA:43,2
DA:46,1
DA:48,0
DA:49,0
DA:50,0
DA:51,0
DA:53,0
DA:54,0
DA:55,0
DA:56,0
DA:58,0
DA:59,0
DA:60,0
DA:62,0
DA:63,0
DA:64,0
DA:67,0
DA:68,0
DA:69,0
DA:70,0
DA:71,0
DA:72,0
DA:74,0
DA:75,0
DA:76,0
DA:78,0
DA:79,0
DA:80,0
DA:82,0
DA:83,0
DA:84,0
DA:87,0
DA:88,0
DA:89,0
DA:90,0
DA:91,0
DA:92,0
DA:94,0
DA:95,0
DA:96,0
DA:97,0
DA:100,0
DA:101,0
DA:102,0
DA:106,1
DA:107,0
DA:109,1
LF:62
LH:16
BRDA:31,0,0,0
BRDA:31,0,1,1
BRDA:39,1,0,0
BRDA:39,1,1,2
BRDA:48,2,0,0
BRDA:48,2,1,0
BRDA:48,3,0,0
BRDA:48,3,1,0
BRDA:53,4,0,0
BRDA:53,4,1,0
BRDA:53,5,0,0
BRDA:53,5,1,0
BRDA:67,6,0,0
BRDA:67,6,1,0
BRDA:67,7,0,0
BRDA:67,7,1,0
BRDA:69,8,0,0
BRDA:69,8,1,0
BRDA:87,9,0,0
BRDA:87,9,1,0
BRDA:87,10,0,0
BRDA:87,10,1,0
BRDA:89,11,0,0
BRDA:89,11,1,0
BRF:24
BRH:2
end_of_record
